[2024-09-27T23:21:21.661+0000] {local_task_job_runner.py:123} INFO - ::group::Pre task execution logs
[2024-09-27T23:21:21.823+0000] {taskinstance.py:2612} INFO - Dependencies all met for dep_context=non-requeueable deps ti=<TaskInstance: scrape_and_save_share_prices_with_company_data.save_share_prices_data scheduled__2024-04-02T00:00:00+00:00 [queued]>
[2024-09-27T23:21:21.979+0000] {taskinstance.py:2612} INFO - Dependencies all met for dep_context=requeueable deps ti=<TaskInstance: scrape_and_save_share_prices_with_company_data.save_share_prices_data scheduled__2024-04-02T00:00:00+00:00 [queued]>
[2024-09-27T23:21:21.999+0000] {taskinstance.py:2865} INFO - Starting attempt 2 of 2
[2024-09-27T23:21:22.120+0000] {taskinstance.py:2888} INFO - Executing <Task(PythonOperator): save_share_prices_data> on 2024-04-02 00:00:00+00:00
[2024-09-27T23:21:22.163+0000] {warnings.py:112} WARNING - /home/***/.local/lib/python3.12/site-packages/***/task/task_runner/standard_task_runner.py:70: DeprecationWarning: This process (pid=4266) is multi-threaded, use of fork() may lead to deadlocks in the child.
  pid = os.fork()

[2024-09-27T23:21:22.187+0000] {standard_task_runner.py:72} INFO - Started process 4292 to run task
[2024-09-27T23:21:22.201+0000] {standard_task_runner.py:104} INFO - Running: ['***', 'tasks', 'run', 'scrape_and_save_share_prices_with_company_data', 'save_share_prices_data', 'scheduled__2024-04-02T00:00:00+00:00', '--job-id', '3508', '--raw', '--subdir', 'DAGS_FOLDER/dag.py', '--cfg-path', '/tmp/tmptcyl8uv8']
[2024-09-27T23:21:22.252+0000] {standard_task_runner.py:105} INFO - Job 3508: Subtask save_share_prices_data
[2024-09-27T23:21:22.512+0000] {task_command.py:467} INFO - Running <TaskInstance: scrape_and_save_share_prices_with_company_data.save_share_prices_data scheduled__2024-04-02T00:00:00+00:00 [running]> on host 7746de5121f6
[2024-09-27T23:21:23.273+0000] {taskinstance.py:3131} INFO - Exporting env vars: AIRFLOW_CTX_DAG_OWNER='***' AIRFLOW_CTX_DAG_ID='scrape_and_save_share_prices_with_company_data' AIRFLOW_CTX_TASK_ID='save_share_prices_data' AIRFLOW_CTX_EXECUTION_DATE='2024-04-02T00:00:00+00:00' AIRFLOW_CTX_TRY_NUMBER='2' AIRFLOW_CTX_DAG_RUN_ID='scheduled__2024-04-02T00:00:00+00:00'
[2024-09-27T23:21:23.278+0000] {logging_mixin.py:190} INFO - Task instance is in running state
[2024-09-27T23:21:23.280+0000] {logging_mixin.py:190} INFO -  Previous state of the Task instance: queued
[2024-09-27T23:21:23.282+0000] {logging_mixin.py:190} INFO - Current task name:save_share_prices_data state:running start_date:2024-09-27 23:21:21.840045+00:00
[2024-09-27T23:21:23.284+0000] {logging_mixin.py:190} INFO - Dag name:scrape_and_save_share_prices_with_company_data and current dag run status:running
[2024-09-27T23:21:23.299+0000] {taskinstance.py:731} INFO - ::endgroup::
[2024-09-27T23:21:41.760+0000] {taskinstance.py:3310} ERROR - Task failed with exception
Traceback (most recent call last):
  File "/home/airflow/.local/lib/python3.12/site-packages/airflow/models/taskinstance.py", line 767, in _execute_task
    result = _execute_callable(context=context, **execute_callable_kwargs)
             ^^^^^^^^^^^^^^^^^^^^^^^^^^^^^^^^^^^^^^^^^^^^^^^^^^^^^^^^^^^^^
  File "/home/airflow/.local/lib/python3.12/site-packages/airflow/models/taskinstance.py", line 733, in _execute_callable
    return ExecutionCallableRunner(
           ^^^^^^^^^^^^^^^^^^^^^^^^
  File "/home/airflow/.local/lib/python3.12/site-packages/airflow/utils/operator_helpers.py", line 252, in run
    return self.func(*args, **kwargs)
           ^^^^^^^^^^^^^^^^^^^^^^^^^^
  File "/home/airflow/.local/lib/python3.12/site-packages/airflow/models/baseoperator.py", line 406, in wrapper
    return func(self, *args, **kwargs)
           ^^^^^^^^^^^^^^^^^^^^^^^^^^^
  File "/home/airflow/.local/lib/python3.12/site-packages/airflow/operators/python.py", line 238, in execute
    return_value = self.execute_callable()
                   ^^^^^^^^^^^^^^^^^^^^^^^
  File "/home/airflow/.local/lib/python3.12/site-packages/airflow/operators/python.py", line 256, in execute_callable
    return runner.run(*self.op_args, **self.op_kwargs)
           ^^^^^^^^^^^^^^^^^^^^^^^^^^^^^^^^^^^^^^^^^^^
  File "/home/airflow/.local/lib/python3.12/site-packages/airflow/utils/operator_helpers.py", line 252, in run
    return self.func(*args, **kwargs)
           ^^^^^^^^^^^^^^^^^^^^^^^^^^
  File "/opt/airflow/dags/dag.py", line 114, in save_share_prices_data
    extracted_rows = extract_share_data()
                     ^^^^^^^^^^^^^^^^^^^^
  File "/opt/airflow/dags/dag.py", line 45, in extract_share_data
    for tr in table.find_all('tr'):
              ^^^^^^^^^^^^^^
AttributeError: 'NoneType' object has no attribute 'find_all'
[2024-09-27T23:21:42.606+0000] {logging_mixin.py:190} INFO - Task instance in failure state
[2024-09-27T23:21:42.617+0000] {logging_mixin.py:190} INFO - Task start:2024-09-27 23:21:21.840045+00:00 end:2024-09-27 23:21:42.604852+00:00 duration:20.764807
[2024-09-27T23:21:42.642+0000] {logging_mixin.py:190} INFO - Task:<Task(PythonOperator): save_share_prices_data> dag:<DAG: scrape_and_save_share_prices_with_company_data> dagrun:<DagRun scrape_and_save_share_prices_with_company_data @ 2024-04-02 00:00:00+00:00: scheduled__2024-04-02T00:00:00+00:00, state:running, queued_at: 2024-09-27 23:13:13.903397+00:00. externally triggered: False>
[2024-09-27T23:21:42.644+0000] {logging_mixin.py:190} INFO - Failure caused by 'NoneType' object has no attribute 'find_all'
[2024-09-27T23:21:42.651+0000] {taskinstance.py:1225} INFO - Marking task as FAILED. dag_id=scrape_and_save_share_prices_with_company_data, task_id=save_share_prices_data, run_id=scheduled__2024-04-02T00:00:00+00:00, execution_date=20240402T000000, start_date=20240927T232121, end_date=20240927T232142
[2024-09-27T23:21:42.850+0000] {job.py:229} INFO - Heartbeat recovered after 22.40 seconds
[2024-09-27T23:21:42.861+0000] {taskinstance.py:340} INFO - ::group::Post task execution logs
[2024-09-27T23:21:42.872+0000] {standard_task_runner.py:124} ERROR - Failed to execute job 3508 for task save_share_prices_data ('NoneType' object has no attribute 'find_all'; 4292)
Traceback (most recent call last):
  File "/home/airflow/.local/lib/python3.12/site-packages/airflow/task/task_runner/standard_task_runner.py", line 117, in _start_by_fork
    ret = args.func(args, dag=self.dag)
          ^^^^^^^^^^^^^^^^^^^^^^^^^^^^^
  File "/home/airflow/.local/lib/python3.12/site-packages/airflow/cli/cli_config.py", line 49, in command
    return func(*args, **kwargs)
           ^^^^^^^^^^^^^^^^^^^^^
  File "/home/airflow/.local/lib/python3.12/site-packages/airflow/utils/cli.py", line 115, in wrapper
    return f(*args, **kwargs)
           ^^^^^^^^^^^^^^^^^^
  File "/home/airflow/.local/lib/python3.12/site-packages/airflow/cli/commands/task_command.py", line 483, in task_run
    task_return_code = _run_task_by_selected_method(args, _dag, ti)
                       ^^^^^^^^^^^^^^^^^^^^^^^^^^^^^^^^^^^^^^^^^^^^
  File "/home/airflow/.local/lib/python3.12/site-packages/airflow/cli/commands/task_command.py", line 256, in _run_task_by_selected_method
    return _run_raw_task(args, ti)
           ^^^^^^^^^^^^^^^^^^^^^^^
  File "/home/airflow/.local/lib/python3.12/site-packages/airflow/cli/commands/task_command.py", line 341, in _run_raw_task
    return ti._run_raw_task(
           ^^^^^^^^^^^^^^^^^
  File "/home/airflow/.local/lib/python3.12/site-packages/airflow/utils/session.py", line 97, in wrapper
    return func(*args, session=session, **kwargs)
           ^^^^^^^^^^^^^^^^^^^^^^^^^^^^^^^^^^^^^^
  File "/home/airflow/.local/lib/python3.12/site-packages/airflow/models/taskinstance.py", line 3004, in _run_raw_task
    return _run_raw_task(
           ^^^^^^^^^^^^^^
  File "/home/airflow/.local/lib/python3.12/site-packages/airflow/models/taskinstance.py", line 273, in _run_raw_task
    TaskInstance._execute_task_with_callbacks(
  File "/home/airflow/.local/lib/python3.12/site-packages/airflow/models/taskinstance.py", line 3158, in _execute_task_with_callbacks
    result = self._execute_task(context, task_orig)
             ^^^^^^^^^^^^^^^^^^^^^^^^^^^^^^^^^^^^^^
  File "/home/airflow/.local/lib/python3.12/site-packages/airflow/models/taskinstance.py", line 3182, in _execute_task
    return _execute_task(self, context, task_orig)
           ^^^^^^^^^^^^^^^^^^^^^^^^^^^^^^^^^^^^^^^
  File "/home/airflow/.local/lib/python3.12/site-packages/airflow/models/taskinstance.py", line 767, in _execute_task
    result = _execute_callable(context=context, **execute_callable_kwargs)
             ^^^^^^^^^^^^^^^^^^^^^^^^^^^^^^^^^^^^^^^^^^^^^^^^^^^^^^^^^^^^^
  File "/home/airflow/.local/lib/python3.12/site-packages/airflow/models/taskinstance.py", line 733, in _execute_callable
    return ExecutionCallableRunner(
           ^^^^^^^^^^^^^^^^^^^^^^^^
  File "/home/airflow/.local/lib/python3.12/site-packages/airflow/utils/operator_helpers.py", line 252, in run
    return self.func(*args, **kwargs)
           ^^^^^^^^^^^^^^^^^^^^^^^^^^
  File "/home/airflow/.local/lib/python3.12/site-packages/airflow/models/baseoperator.py", line 406, in wrapper
    return func(self, *args, **kwargs)
           ^^^^^^^^^^^^^^^^^^^^^^^^^^^
  File "/home/airflow/.local/lib/python3.12/site-packages/airflow/operators/python.py", line 238, in execute
    return_value = self.execute_callable()
                   ^^^^^^^^^^^^^^^^^^^^^^^
  File "/home/airflow/.local/lib/python3.12/site-packages/airflow/operators/python.py", line 256, in execute_callable
    return runner.run(*self.op_args, **self.op_kwargs)
           ^^^^^^^^^^^^^^^^^^^^^^^^^^^^^^^^^^^^^^^^^^^
  File "/home/airflow/.local/lib/python3.12/site-packages/airflow/utils/operator_helpers.py", line 252, in run
    return self.func(*args, **kwargs)
           ^^^^^^^^^^^^^^^^^^^^^^^^^^
  File "/opt/airflow/dags/dag.py", line 114, in save_share_prices_data
    extracted_rows = extract_share_data()
                     ^^^^^^^^^^^^^^^^^^^^
  File "/opt/airflow/dags/dag.py", line 45, in extract_share_data
    for tr in table.find_all('tr'):
              ^^^^^^^^^^^^^^
AttributeError: 'NoneType' object has no attribute 'find_all'
[2024-09-27T23:21:49.761+0000] {local_task_job_runner.py:266} INFO - Task exited with return code 1
[2024-09-27T23:21:49.994+0000] {taskinstance.py:3900} INFO - 0 downstream tasks scheduled from follow-on schedule check
[2024-09-27T23:21:50.023+0000] {local_task_job_runner.py:245} INFO - ::endgroup::
